app/build/intermediates/manifest_merge_blame_file/debug/manifest-merger-blame-debug-report.txt
1<?xml version="1.0" encoding="utf-8"?>
2<manifest xmlns:android="http://schemas.android.com/apk/res/android"
3    package="com.henil.scanit"
4    android:versionCode="4"
5    android:versionName="1.3" >
6
7    <uses-sdk
8        android:minSdkVersion="16"
8-->src\main\AndroidManifest.xml
9        android:targetSdkVersion="29" />
9-->src\main\AndroidManifest.xml
10
11    <uses-permission android:name="android.permission.CAMERA" />
11-->src\main\AndroidManifest.xml:6:5-65
11-->src\main\AndroidManifest.xml:6:22-62
12    <uses-permission android:name="android.permission.INTERNET" />
12-->src\main\AndroidManifest.xml:7:5-67
12-->src\main\AndroidManifest.xml:7:22-64
13    <uses-permission android:name="android.permission.ACCESS_NETWORK_STATE" />
13-->src\main\AndroidManifest.xml:8:5-79
13-->src\main\AndroidManifest.xml:8:22-76
14    <uses-permission android:name="android.permission.ACCESS_WIFI_STATE" />
14-->src\main\AndroidManifest.xml:9:5-76
14-->src\main\AndroidManifest.xml:9:22-73
15    <uses-permission android:name="android.permission.WRITE_EXTERNAL_STORAGE" />
15-->src\main\AndroidManifest.xml:10:5-11:47
15-->src\main\AndroidManifest.xml:10:22-78
16    <uses-permission android:name="android.permission.SYSTEM_ALERT_WINDOW" />
16-->src\main\AndroidManifest.xml:12:5-78
16-->src\main\AndroidManifest.xml:12:22-75
17    <uses-permission
17-->src\main\AndroidManifest.xml:13:5-14:38
18        android:name="android.permission.VIBRATE"
18-->src\main\AndroidManifest.xml:13:22-63
19        android:maxSdkVersion="18" />
19-->src\main\AndroidManifest.xml:14:9-35
20
21    <!-- Create a unique permission for your app and use it so only your app can receive your OneSignal messages. -->
22    <permission
22-->[com.onesignal:OneSignal:3.11.4] AndroidManifest.xml:7:5-9:47
23        android:name="com.henil.scanit.permission.C2D_MESSAGE"
23-->[com.onesignal:OneSignal:3.11.4] AndroidManifest.xml:8:9-63
24        android:protectionLevel="signature" />
24-->[com.onesignal:OneSignal:3.11.4] AndroidManifest.xml:9:9-44
25
26    <uses-permission android:name="com.henil.scanit.permission.C2D_MESSAGE" />
26-->[com.onesignal:OneSignal:3.11.4] AndroidManifest.xml:11:5-79
26-->[com.onesignal:OneSignal:3.11.4] AndroidManifest.xml:11:22-76
27    <uses-permission android:name="com.google.android.c2dm.permission.RECEIVE" /> <!-- Required, makes sure notifications are delivered on time. -->
27-->[com.onesignal:OneSignal:3.11.4] AndroidManifest.xml:17:5-82
27-->[com.onesignal:OneSignal:3.11.4] AndroidManifest.xml:17:22-79
28    <uses-permission android:name="android.permission.WAKE_LOCK" />
28-->[com.onesignal:OneSignal:3.11.4] AndroidManifest.xml:18:5-68
28-->[com.onesignal:OneSignal:3.11.4] AndroidManifest.xml:18:22-65
29    <!--
30 Use to restore notifications the user hasn't interacted with.
31         They could be missed notifications if the user reboots their device if this isn't in place.
32    -->
33    <uses-permission android:name="android.permission.RECEIVE_BOOT_COMPLETED" /> <!-- START: ShortcutBadger -->
33-->[com.onesignal:OneSignal:3.11.4] AndroidManifest.xml:29:5-81
33-->[com.onesignal:OneSignal:3.11.4] AndroidManifest.xml:29:22-78
34    <!-- Samsung -->
35    <uses-permission android:name="com.sec.android.provider.badge.permission.READ" />
35-->[com.onesignal:OneSignal:3.11.4] AndroidManifest.xml:31:5-86
35-->[com.onesignal:OneSignal:3.11.4] AndroidManifest.xml:31:22-83
36    <uses-permission android:name="com.sec.android.provider.badge.permission.WRITE" /> <!-- HTC -->
36-->[com.onesignal:OneSignal:3.11.4] AndroidManifest.xml:32:5-87
36-->[com.onesignal:OneSignal:3.11.4] AndroidManifest.xml:32:22-84
37    <uses-permission android:name="com.htc.launcher.permission.READ_SETTINGS" />
37-->[com.onesignal:OneSignal:3.11.4] AndroidManifest.xml:33:5-81
37-->[com.onesignal:OneSignal:3.11.4] AndroidManifest.xml:33:22-78
38    <uses-permission android:name="com.htc.launcher.permission.UPDATE_SHORTCUT" /> <!-- Sony -->
38-->[com.onesignal:OneSignal:3.11.4] AndroidManifest.xml:34:5-83
38-->[com.onesignal:OneSignal:3.11.4] AndroidManifest.xml:34:22-80
39    <uses-permission android:name="com.sonyericsson.home.permission.BROADCAST_BADGE" />
39-->[com.onesignal:OneSignal:3.11.4] AndroidManifest.xml:35:5-88
39-->[com.onesignal:OneSignal:3.11.4] AndroidManifest.xml:35:22-85
40    <uses-permission android:name="com.sonymobile.home.permission.PROVIDER_INSERT_BADGE" /> <!-- Apex -->
40-->[com.onesignal:OneSignal:3.11.4] AndroidManifest.xml:36:5-92
40-->[com.onesignal:OneSignal:3.11.4] AndroidManifest.xml:36:22-89
41    <uses-permission android:name="com.anddoes.launcher.permission.UPDATE_COUNT" /> <!-- Solid -->
41-->[com.onesignal:OneSignal:3.11.4] AndroidManifest.xml:37:5-84
41-->[com.onesignal:OneSignal:3.11.4] AndroidManifest.xml:37:22-81
42    <uses-permission android:name="com.majeur.launcher.permission.UPDATE_BADGE" /> <!-- Huawei -->
42-->[com.onesignal:OneSignal:3.11.4] AndroidManifest.xml:38:5-83
42-->[com.onesignal:OneSignal:3.11.4] AndroidManifest.xml:38:22-80
43    <uses-permission android:name="com.huawei.android.launcher.permission.CHANGE_BADGE" />
43-->[com.onesignal:OneSignal:3.11.4] AndroidManifest.xml:39:5-91
43-->[com.onesignal:OneSignal:3.11.4] AndroidManifest.xml:39:22-88
44    <uses-permission android:name="com.huawei.android.launcher.permission.READ_SETTINGS" />
44-->[com.onesignal:OneSignal:3.11.4] AndroidManifest.xml:40:5-92
44-->[com.onesignal:OneSignal:3.11.4] AndroidManifest.xml:40:22-89
45    <uses-permission android:name="com.huawei.android.launcher.permission.WRITE_SETTINGS" /> <!-- ZUK -->
45-->[com.onesignal:OneSignal:3.11.4] AndroidManifest.xml:41:5-93
45-->[com.onesignal:OneSignal:3.11.4] AndroidManifest.xml:41:22-90
46    <uses-permission android:name="android.permission.READ_APP_BADGE" /> <!-- OPPO -->
46-->[com.onesignal:OneSignal:3.11.4] AndroidManifest.xml:42:5-73
46-->[com.onesignal:OneSignal:3.11.4] AndroidManifest.xml:42:22-70
47    <uses-permission android:name="com.oppo.launcher.permission.READ_SETTINGS" />
47-->[com.onesignal:OneSignal:3.11.4] AndroidManifest.xml:43:5-82
47-->[com.onesignal:OneSignal:3.11.4] AndroidManifest.xml:43:22-79
48    <uses-permission android:name="com.oppo.launcher.permission.WRITE_SETTINGS" /> <!-- EvMe -->
48-->[com.onesignal:OneSignal:3.11.4] AndroidManifest.xml:44:5-83
48-->[com.onesignal:OneSignal:3.11.4] AndroidManifest.xml:44:22-80
49    <uses-permission android:name="me.everything.badger.permission.BADGE_COUNT_READ" />
49-->[com.onesignal:OneSignal:3.11.4] AndroidManifest.xml:45:5-88
49-->[com.onesignal:OneSignal:3.11.4] AndroidManifest.xml:45:22-85
50    <uses-permission android:name="me.everything.badger.permission.BADGE_COUNT_WRITE" />
50-->[com.onesignal:OneSignal:3.11.4] AndroidManifest.xml:46:5-89
50-->[com.onesignal:OneSignal:3.11.4] AndroidManifest.xml:46:22-86
51
52    <application
52-->src\main\AndroidManifest.xml:16:5-69:19
53        android:name="com.henil.scanit.Base"
53-->src\main\AndroidManifest.xml:17:9-45
54        android:allowBackup="true"
54-->src\main\AndroidManifest.xml:18:9-35
55        android:appComponentFactory="androidx.core.app.CoreComponentFactory"
55-->[androidx.core:core:1.1.0] AndroidManifest.xml:24:18-86
56        android:debuggable="true"
57        android:icon="@mipmap/ic_launcher"
57-->src\main\AndroidManifest.xml:19:9-43
58        android:label="@string/app_name"
58-->src\main\AndroidManifest.xml:20:9-41
59        android:largeHeap="true"
59-->src\main\AndroidManifest.xml:22:9-33
60        android:supportsRtl="true"
60-->src\main\AndroidManifest.xml:21:9-35
61        android:testOnly="true"
62        android:theme="@style/AppTheme" >
62-->src\main\AndroidManifest.xml:23:9-40
63        <activity
63-->src\main\AndroidManifest.xml:26:9-32:20
64            android:name="com.henil.scanit.SplashActivity"
64-->src\main\AndroidManifest.xml:26:19-65
65            android:theme="@android:style/Theme.NoTitleBar.Fullscreen" >
65-->src\main\AndroidManifest.xml:27:13-71
66            <intent-filter>
66-->src\main\AndroidManifest.xml:28:13-31:29
67                <action android:name="android.intent.action.MAIN" />
67-->src\main\AndroidManifest.xml:29:17-69
67-->src\main\AndroidManifest.xml:29:25-66
68
69                <category android:name="android.intent.category.LAUNCHER" />
69-->src\main\AndroidManifest.xml:30:17-77
69-->src\main\AndroidManifest.xml:30:27-74
70            </intent-filter>
71        </activity>
72        <activity android:name="com.henil.scanit.MainActivity" />
72-->src\main\AndroidManifest.xml:33:9-65
72-->src\main\AndroidManifest.xml:33:19-63
73        <activity android:name="com.henil.scanit.QRActivity" />
73-->src\main\AndroidManifest.xml:34:9-63
73-->src\main\AndroidManifest.xml:34:19-61
74        <activity android:name="com.henil.scanit.BarActivity" />
74-->src\main\AndroidManifest.xml:35:9-64
74-->src\main\AndroidManifest.xml:35:19-62
75        <activity android:name="com.henil.scanit.CameraTestActivity" />
75-->src\main\AndroidManifest.xml:36:9-72
75-->src\main\AndroidManifest.xml:36:19-69
76        <activity android:name="com.henil.scanit.QRReaderActivity" />
76-->src\main\AndroidManifest.xml:37:9-70
76-->src\main\AndroidManifest.xml:37:19-67
77        <activity android:name="com.henil.scanit.QRGenerateActivity" />
77-->src\main\AndroidManifest.xml:38:9-71
77-->src\main\AndroidManifest.xml:38:19-69
78        <activity android:name="com.henil.scanit.TOSActivity" />
78-->src\main\AndroidManifest.xml:39:9-65
78-->src\main\AndroidManifest.xml:39:19-62
79
80        <provider
81            android:name="androidx.core.content.FileProvider"
81-->src\main\AndroidManifest.xml:42:13-62
82            android:authorities="com.henil.scanit.provider"
82-->src\main\AndroidManifest.xml:43:13-60
83            android:exported="false"
83-->src\main\AndroidManifest.xml:44:13-37
84            android:grantUriPermissions="true" >
84-->src\main\AndroidManifest.xml:45:13-47
85            <meta-data
85-->src\main\AndroidManifest.xml:46:13-48:62
86                android:name="android.support.FILE_PROVIDER_PATHS"
86-->src\main\AndroidManifest.xml:47:17-67
87                android:resource="@xml/nnf_provider_paths" />
87-->src\main\AndroidManifest.xml:48:17-59
88        </provider>
89
90        <activity
90-->src\main\AndroidManifest.xml:51:9-59:20
91            android:name="com.nononsenseapps.filepicker.FilePickerActivity"
91-->src\main\AndroidManifest.xml:52:13-76
92            android:label="@string/app_name"
92-->src\main\AndroidManifest.xml:53:13-45
93            android:theme="@style/FilePickerTheme" >
93-->src\main\AndroidManifest.xml:54:13-51
94            <intent-filter>
94-->src\main\AndroidManifest.xml:55:13-58:29
95                <action android:name="android.intent.action.GET_CONTENT" />
95-->src\main\AndroidManifest.xml:56:17-76
95-->src\main\AndroidManifest.xml:56:25-73
96
97                <category android:name="android.intent.category.DEFAULT" />
97-->src\main\AndroidManifest.xml:57:17-76
97-->src\main\AndroidManifest.xml:57:27-73
98            </intent-filter>
99        </activity>
100
101        <meta-data
101-->src\main\AndroidManifest.xml:62:9-64:69
102            android:name="com.google.android.gms.version"
102-->src\main\AndroidManifest.xml:63:13-58
103            android:value="@integer/google_play_services_version" />
103-->src\main\AndroidManifest.xml:64:13-66
104        <meta-data
104-->src\main\AndroidManifest.xml:66:9-68:51
105            android:name="com.google.android.gms.ads.APPLICATION_ID"
105-->src\main\AndroidManifest.xml:67:13-69
106            android:value="@string/admob_app_id" />
106-->src\main\AndroidManifest.xml:68:13-49
107
108        <provider
108-->[com.squareup.picasso:picasso:2.71828] AndroidManifest.xml:8:9-11:40
109            android:name="com.squareup.picasso.PicassoProvider"
109-->[com.squareup.picasso:picasso:2.71828] AndroidManifest.xml:9:13-64
110            android:authorities="com.henil.scanit.com.squareup.picasso"
110-->[com.squareup.picasso:picasso:2.71828] AndroidManifest.xml:10:13-72
111            android:exported="false" />
111-->[com.squareup.picasso:picasso:2.71828] AndroidManifest.xml:11:13-37
112
113        <meta-data
113-->[com.onesignal:OneSignal:3.11.4] AndroidManifest.xml:49:9-51:51
114            android:name="onesignal_app_id"
114-->[com.onesignal:OneSignal:3.11.4] AndroidManifest.xml:50:13-44
115            android:value="cb842e8d-b372-454a-bf19-23d0897a6751" /> <!-- Deprecated - Pulled from OneSignal dashboard. -->
115-->[com.onesignal:OneSignal:3.11.4] AndroidManifest.xml:51:13-48
116        <meta-data
116-->[com.onesignal:OneSignal:3.11.4] AndroidManifest.xml:53:9-55:70
117            android:name="onesignal_google_project_number"
117-->[com.onesignal:OneSignal:3.11.4] AndroidManifest.xml:54:13-59
118            android:value="str:REMOTE" />
118-->[com.onesignal:OneSignal:3.11.4] AndroidManifest.xml:55:13-67
119
120        <receiver
120-->[com.onesignal:OneSignal:3.11.4] AndroidManifest.xml:57:9-67:20
121            android:name="com.onesignal.GcmBroadcastReceiver"
121-->[com.onesignal:OneSignal:3.11.4] AndroidManifest.xml:58:13-62
122            android:permission="com.google.android.c2dm.permission.SEND" >
122-->[com.onesignal:OneSignal:3.11.4] AndroidManifest.xml:59:13-73
123
124            <!-- High priority so OneSignal payloads can be filtered from other GCM receivers if filterOtherGCMReceivers is enabled. -->
125            <intent-filter android:priority="999" >
125-->[com.onesignal:OneSignal:3.11.4] AndroidManifest.xml:62:13-66:29
125-->[com.onesignal:OneSignal:3.11.4] AndroidManifest.xml:62:28-50
126                <action android:name="com.google.android.c2dm.intent.RECEIVE" />
126-->[com.onesignal:OneSignal:3.11.4] AndroidManifest.xml:63:17-81
126-->[com.onesignal:OneSignal:3.11.4] AndroidManifest.xml:63:25-78
127
128                <category android:name="com.henil.scanit" />
128-->[com.onesignal:OneSignal:3.11.4] AndroidManifest.xml:65:17-61
128-->[com.onesignal:OneSignal:3.11.4] AndroidManifest.xml:65:27-58
129            </intent-filter>
130        </receiver>
131        <receiver android:name="com.onesignal.NotificationOpenedReceiver" />
131-->[com.onesignal:OneSignal:3.11.4] AndroidManifest.xml:68:9-77
131-->[com.onesignal:OneSignal:3.11.4] AndroidManifest.xml:68:19-74
132
133        <service android:name="com.onesignal.GcmIntentService" />
133-->[com.onesignal:OneSignal:3.11.4] AndroidManifest.xml:70:9-66
133-->[com.onesignal:OneSignal:3.11.4] AndroidManifest.xml:70:18-63
134        <service
134-->[com.onesignal:OneSignal:3.11.4] AndroidManifest.xml:71:9-73:72
135            android:name="com.onesignal.GcmIntentJobService"
135-->[com.onesignal:OneSignal:3.11.4] AndroidManifest.xml:72:13-61
136            android:permission="android.permission.BIND_JOB_SERVICE" />
136-->[com.onesignal:OneSignal:3.11.4] AndroidManifest.xml:73:13-69
137        <service
137-->[com.onesignal:OneSignal:3.11.4] AndroidManifest.xml:74:9-76:72
138            android:name="com.onesignal.RestoreJobService"
138-->[com.onesignal:OneSignal:3.11.4] AndroidManifest.xml:75:13-59
139            android:permission="android.permission.BIND_JOB_SERVICE" />
139-->[com.onesignal:OneSignal:3.11.4] AndroidManifest.xml:76:13-69
140        <service
140-->[com.onesignal:OneSignal:3.11.4] AndroidManifest.xml:77:9-79:72
141            android:name="com.onesignal.RestoreKickoffJobService"
141-->[com.onesignal:OneSignal:3.11.4] AndroidManifest.xml:78:13-66
142            android:permission="android.permission.BIND_JOB_SERVICE" />
142-->[com.onesignal:OneSignal:3.11.4] AndroidManifest.xml:79:13-69
143        <service
143-->[com.onesignal:OneSignal:3.11.4] AndroidManifest.xml:80:9-82:43
144            android:name="com.onesignal.SyncService"
144-->[com.onesignal:OneSignal:3.11.4] AndroidManifest.xml:81:13-53
145            android:stopWithTask="true" />
145-->[com.onesignal:OneSignal:3.11.4] AndroidManifest.xml:82:13-40
146        <service
146-->[com.onesignal:OneSignal:3.11.4] AndroidManifest.xml:83:9-85:72
147            android:name="com.onesignal.SyncJobService"
147-->[com.onesignal:OneSignal:3.11.4] AndroidManifest.xml:84:13-56
148            android:permission="android.permission.BIND_JOB_SERVICE" />
148-->[com.onesignal:OneSignal:3.11.4] AndroidManifest.xml:85:13-69
149
150        <activity
150-->[com.onesignal:OneSignal:3.11.4] AndroidManifest.xml:87:9-89:75
151            android:name="com.onesignal.PermissionsActivity"
151-->[com.onesignal:OneSignal:3.11.4] AndroidManifest.xml:88:13-61
152            android:theme="@android:style/Theme.Translucent.NoTitleBar" />
152-->[com.onesignal:OneSignal:3.11.4] AndroidManifest.xml:89:13-72
153
154        <service android:name="com.onesignal.NotificationRestoreService" />
154-->[com.onesignal:OneSignal:3.11.4] AndroidManifest.xml:91:9-76
154-->[com.onesignal:OneSignal:3.11.4] AndroidManifest.xml:91:18-73
155
156        <receiver android:name="com.onesignal.BootUpReceiver" >
156-->[com.onesignal:OneSignal:3.11.4] AndroidManifest.xml:93:9-98:20
156-->[com.onesignal:OneSignal:3.11.4] AndroidManifest.xml:93:19-62
157            <intent-filter>
157-->[com.onesignal:OneSignal:3.11.4] AndroidManifest.xml:94:13-97:29
158                <action android:name="android.intent.action.BOOT_COMPLETED" />
158-->[com.onesignal:OneSignal:3.11.4] AndroidManifest.xml:95:17-79
158-->[com.onesignal:OneSignal:3.11.4] AndroidManifest.xml:95:25-76
159                <action android:name="android.intent.action.QUICKBOOT_POWERON" />
159-->[com.onesignal:OneSignal:3.11.4] AndroidManifest.xml:96:17-82
159-->[com.onesignal:OneSignal:3.11.4] AndroidManifest.xml:96:25-79
160            </intent-filter>
161        </receiver>
162        <receiver android:name="com.onesignal.UpgradeReceiver" >
162-->[com.onesignal:OneSignal:3.11.4] AndroidManifest.xml:99:9-103:20
162-->[com.onesignal:OneSignal:3.11.4] AndroidManifest.xml:99:19-63
163            <intent-filter>
163-->[com.onesignal:OneSignal:3.11.4] AndroidManifest.xml:100:13-102:29
164                <action android:name="android.intent.action.MY_PACKAGE_REPLACED" />
164-->[com.onesignal:OneSignal:3.11.4] AndroidManifest.xml:101:17-84
164-->[com.onesignal:OneSignal:3.11.4] AndroidManifest.xml:101:25-81
165            </intent-filter>
166        </receiver>
167        <!--
168             FirebaseMessagingService performs security checks at runtime,
169             but set to not exported to explicitly avoid allowing another app to call it.
170        -->
171        <service
171-->[com.google.firebase:firebase-messaging:20.1.0] AndroidManifest.xml:28:9-34:19
172            android:name="com.google.firebase.messaging.FirebaseMessagingService"
172-->[com.google.firebase:firebase-messaging:20.1.0] AndroidManifest.xml:29:13-82
173            android:exported="false" >
173-->[com.google.firebase:firebase-messaging:20.1.0] AndroidManifest.xml:30:13-37
174            <intent-filter android:priority="-500" >
174-->[com.google.firebase:firebase-messaging:20.1.0] AndroidManifest.xml:31:13-33:29
174-->[com.google.firebase:firebase-messaging:20.1.0] AndroidManifest.xml:31:28-51
175                <action android:name="com.google.firebase.MESSAGING_EVENT" />
175-->[com.google.firebase:firebase-messaging:20.1.0] AndroidManifest.xml:32:17-78
175-->[com.google.firebase:firebase-messaging:20.1.0] AndroidManifest.xml:32:25-75
176            </intent-filter>
177        </service>
178        <service
178-->[com.google.firebase:firebase-messaging:20.1.0] AndroidManifest.xml:35:9-41:19
179            android:name="com.google.firebase.components.ComponentDiscoveryService"
179-->[com.google.firebase:firebase-messaging:20.1.0] AndroidManifest.xml:36:13-84
180            android:directBootAware="true"
180-->[com.google.firebase:firebase-common:19.3.0] AndroidManifest.xml:34:13-43
181            android:exported="false" >
181-->[com.google.firebase:firebase-messaging:20.1.0] AndroidManifest.xml:37:13-37
182            <meta-data
182-->[com.google.firebase:firebase-messaging:20.1.0] AndroidManifest.xml:38:13-40:85
183                android:name="com.google.firebase.components:com.google.firebase.messaging.FirebaseMessagingRegistrar"
183-->[com.google.firebase:firebase-messaging:20.1.0] AndroidManifest.xml:39:17-119
184                android:value="com.google.firebase.components.ComponentRegistrar" />
184-->[com.google.firebase:firebase-messaging:20.1.0] AndroidManifest.xml:40:17-82
185            <meta-data
185-->[com.google.firebase:firebase-datatransport:17.0.3] AndroidManifest.xml:28:13-30:85
186                android:name="com.google.firebase.components:com.google.firebase.datatransport.TransportRegistrar"
186-->[com.google.firebase:firebase-datatransport:17.0.3] AndroidManifest.xml:29:17-115
187                android:value="com.google.firebase.components.ComponentRegistrar" />
187-->[com.google.firebase:firebase-datatransport:17.0.3] AndroidManifest.xml:30:17-82
188            <meta-data
188-->[com.google.firebase:firebase-iid:20.0.2] AndroidManifest.xml:32:13-34:85
189                android:name="com.google.firebase.components:com.google.firebase.iid.Registrar"
189-->[com.google.firebase:firebase-iid:20.0.2] AndroidManifest.xml:33:17-96
190                android:value="com.google.firebase.components.ComponentRegistrar" />
190-->[com.google.firebase:firebase-iid:20.0.2] AndroidManifest.xml:34:17-82
191        </service>
192
193        <receiver
193-->[com.google.firebase:firebase-iid:20.0.2] AndroidManifest.xml:37:9-44:20
194            android:name="com.google.firebase.iid.FirebaseInstanceIdReceiver"
194-->[com.google.firebase:firebase-iid:20.0.2] AndroidManifest.xml:38:13-78
195            android:exported="true"
195-->[com.google.firebase:firebase-iid:20.0.2] AndroidManifest.xml:39:13-36
196            android:permission="com.google.android.c2dm.permission.SEND" >
196-->[com.google.firebase:firebase-iid:20.0.2] AndroidManifest.xml:40:13-73
197            <intent-filter>
197-->[com.google.firebase:firebase-iid:20.0.2] AndroidManifest.xml:41:13-43:29
198                <action android:name="com.google.android.c2dm.intent.RECEIVE" />
198-->[com.onesignal:OneSignal:3.11.4] AndroidManifest.xml:63:17-81
198-->[com.onesignal:OneSignal:3.11.4] AndroidManifest.xml:63:25-78
199            </intent-filter>
200        </receiver>
201
202        <provider
202-->[com.google.firebase:firebase-common:19.3.0] AndroidManifest.xml:26:9-30:39
203            android:name="com.google.firebase.provider.FirebaseInitProvider"
203-->[com.google.firebase:firebase-common:19.3.0] AndroidManifest.xml:27:13-77
204            android:authorities="com.henil.scanit.firebaseinitprovider"
204-->[com.google.firebase:firebase-common:19.3.0] AndroidManifest.xml:28:13-72
205            android:exported="false"
205-->[com.google.firebase:firebase-common:19.3.0] AndroidManifest.xml:29:13-37
206            android:initOrder="100" />
206-->[com.google.firebase:firebase-common:19.3.0] AndroidManifest.xml:30:13-36
207
208        <activity
208-->[com.google.android.gms:play-services-base:17.0.0] AndroidManifest.xml:23:9-26:75
209            android:name="com.google.android.gms.common.api.GoogleApiActivity"
209-->[com.google.android.gms:play-services-base:17.0.0] AndroidManifest.xml:24:13-79
210            android:exported="false"
210-->[com.google.android.gms:play-services-base:17.0.0] AndroidManifest.xml:25:13-37
211            android:theme="@android:style/Theme.Translucent.NoTitleBar" /> <!-- Include the AdActivity and InAppPurchaseActivity configChanges and themes. -->
211-->[com.google.android.gms:play-services-base:17.0.0] AndroidManifest.xml:26:13-72
212        <activity
212-->[com.google.android.gms:play-services-ads-lite:18.3.0] AndroidManifest.xml:29:9-33:64
213            android:name="com.google.android.gms.ads.AdActivity"
213-->[com.google.android.gms:play-services-ads-lite:18.3.0] AndroidManifest.xml:30:13-65
214            android:configChanges="keyboard|keyboardHidden|orientation|screenLayout|uiMode|screenSize|smallestScreenSize"
214-->[com.google.android.gms:play-services-ads-lite:18.3.0] AndroidManifest.xml:31:13-122
215            android:exported="false"
215-->[com.google.android.gms:play-services-ads-lite:18.3.0] AndroidManifest.xml:32:13-37
216            android:theme="@android:style/Theme.Translucent" />
216-->[com.google.android.gms:play-services-ads-lite:18.3.0] AndroidManifest.xml:33:13-61
217
218        <provider
218-->[com.google.android.gms:play-services-ads-lite:18.3.0] AndroidManifest.xml:35:9-39:39
219            android:name="com.google.android.gms.ads.MobileAdsInitProvider"
219-->[com.google.android.gms:play-services-ads-lite:18.3.0] AndroidManifest.xml:36:13-76
220            android:authorities="com.henil.scanit.mobileadsinitprovider"
220-->[com.google.android.gms:play-services-ads-lite:18.3.0] AndroidManifest.xml:37:13-73
221            android:exported="false"
221-->[com.google.android.gms:play-services-ads-lite:18.3.0] AndroidManifest.xml:38:13-37
222            android:initOrder="100" />
222-->[com.google.android.gms:play-services-ads-lite:18.3.0] AndroidManifest.xml:39:13-36
223
224        <service
224-->[com.google.android.datatransport:transport-backend-cct:2.2.0] AndroidManifest.xml:29:9-35:19
225            android:name="com.google.android.datatransport.runtime.backends.TransportBackendDiscovery"
225-->[com.google.android.datatransport:transport-backend-cct:2.2.0] AndroidManifest.xml:30:13-103
226            android:exported="false" >
226-->[com.google.android.datatransport:transport-backend-cct:2.2.0] AndroidManifest.xml:31:13-37
227            <meta-data
227-->[com.google.android.datatransport:transport-backend-cct:2.2.0] AndroidManifest.xml:32:13-34:39
228                android:name="backend:com.google.android.datatransport.cct.CctBackendFactory"
228-->[com.google.android.datatransport:transport-backend-cct:2.2.0] AndroidManifest.xml:33:17-94
229                android:value="cct" />
229-->[com.google.android.datatransport:transport-backend-cct:2.2.0] AndroidManifest.xml:34:17-36
230        </service>
231        <service
231-->[com.google.android.datatransport:transport-runtime:2.2.0] AndroidManifest.xml:26:9-30:19
232            android:name="com.google.android.datatransport.runtime.scheduling.jobscheduling.JobInfoSchedulerService"
232-->[com.google.android.datatransport:transport-runtime:2.2.0] AndroidManifest.xml:27:13-117
233            android:exported="false"
233-->[com.google.android.datatransport:transport-runtime:2.2.0] AndroidManifest.xml:28:13-37
234            android:permission="android.permission.BIND_JOB_SERVICE" >
234-->[com.google.android.datatransport:transport-runtime:2.2.0] AndroidManifest.xml:29:13-69
235        </service>
236
237        <receiver
237-->[com.google.android.datatransport:transport-runtime:2.2.0] AndroidManifest.xml:32:9-34:40
238            android:name="com.google.android.datatransport.runtime.scheduling.jobscheduling.AlarmManagerSchedulerBroadcastReceiver"
238-->[com.google.android.datatransport:transport-runtime:2.2.0] AndroidManifest.xml:33:13-132
239            android:exported="false" />
239-->[com.google.android.datatransport:transport-runtime:2.2.0] AndroidManifest.xml:34:13-37
240    </application>
241
242</manifest>